[2020-08-28T15:24:57.659] [DEBUG] cheese - login => username:admin,password:123456
[2020-08-28T15:24:57.662] [DEBUG] cheese - admin
[2020-08-28T15:24:57.672] [DEBUG] cheese - null
[2020-08-28T15:24:57.673] [DEBUG] cheese - null
[2020-08-28T15:25:29.250] [DEBUG] cheese - login => username:admin,password:1
[2020-08-28T15:25:29.251] [DEBUG] cheese - admin
[2020-08-28T15:25:29.253] [DEBUG] cheese - null
[2020-08-28T15:25:29.253] [DEBUG] cheese - null
[2020-08-28T15:25:36.375] [DEBUG] cheese - login => username:admin,password:123456
[2020-08-28T15:25:36.375] [DEBUG] cheese - admin
[2020-08-28T15:25:36.378] [DEBUG] cheese - null
[2020-08-28T15:25:36.378] [DEBUG] cheese - null
[2020-08-28T15:25:51.848] [DEBUG] cheese - login => username:admin,password:1234561
[2020-08-28T15:25:51.848] [DEBUG] cheese - admin
[2020-08-28T15:25:51.851] [DEBUG] cheese - null
[2020-08-28T15:25:51.851] [DEBUG] cheese - null
[2020-08-28T15:25:55.165] [DEBUG] cheese - login => username:admin,password:123456
[2020-08-28T15:25:55.165] [DEBUG] cheese - admin
[2020-08-28T15:25:55.170] [DEBUG] cheese - null
[2020-08-28T15:25:55.170] [DEBUG] cheese - null
[2020-08-29T00:26:20.095] [DEBUG] cheese - login => username:123123,password:123123123
[2020-08-29T00:26:20.097] [DEBUG] cheese - 123123
[2020-08-29T00:26:20.106] [DEBUG] cheese - null
[2020-08-29T00:26:20.106] [DEBUG] cheese - null
[2020-08-29T00:26:26.239] [DEBUG] cheese - login => username:123123,password:123123123
[2020-08-29T00:26:26.239] [DEBUG] cheese - 123123
[2020-08-29T00:26:26.242] [DEBUG] cheese - null
[2020-08-29T00:26:26.242] [DEBUG] cheese - null
[2020-08-29T00:26:38.145] [DEBUG] cheese - login => username:12312312,password:123123123
[2020-08-29T00:26:38.145] [DEBUG] cheese - 12312312
[2020-08-29T00:26:38.147] [DEBUG] cheese - null
[2020-08-29T00:26:38.147] [DEBUG] cheese - null
[2020-08-29T00:28:21.969] [DEBUG] cheese - login => username:admin,password:123456
[2020-08-29T00:28:21.969] [DEBUG] cheese - admin
[2020-08-29T00:28:21.973] [DEBUG] cheese - null
[2020-08-29T00:28:21.973] [DEBUG] cheese - null
[2020-08-29T00:31:49.689] [DEBUG] cheese - login => username:asdasd,password:123123123
[2020-08-29T00:31:49.689] [DEBUG] cheese - asdasd
[2020-08-29T00:31:49.691] [DEBUG] cheese - null
[2020-08-29T00:31:49.692] [DEBUG] cheese - null
[2020-08-29T00:31:58.158] [DEBUG] cheese - login => username:admin,password:123456
[2020-08-29T00:31:58.158] [DEBUG] cheese - admin
[2020-08-29T00:31:58.160] [DEBUG] cheese - null
[2020-08-29T00:31:58.161] [DEBUG] cheese - null
[2020-08-29T00:38:06.063] [DEBUG] cheese - login => username:1111,password:1111111
[2020-08-29T00:38:06.063] [DEBUG] cheese - 1111
[2020-08-29T00:38:06.064] [DEBUG] cheese - null
[2020-08-29T00:38:06.064] [DEBUG] cheese - null
[2020-08-29T00:38:32.690] [DEBUG] cheese - login => username:asdasd,password:asdasdasd
[2020-08-29T00:38:32.690] [DEBUG] cheese - asdasd
[2020-08-29T00:38:32.692] [DEBUG] cheese - null
[2020-08-29T00:38:32.692] [DEBUG] cheese - null
[2020-08-29T00:40:40.091] [DEBUG] cheese - login => username:admin,password:123456
[2020-08-29T00:40:40.091] [DEBUG] cheese - admin
[2020-08-29T00:40:40.094] [DEBUG] cheese - null
[2020-08-29T00:40:40.094] [DEBUG] cheese - null
[2020-08-29T00:40:40.174] [DEBUG] cheese - login => username:admin,password:123456
[2020-08-29T00:40:40.174] [DEBUG] cheese - admin
[2020-08-29T00:40:40.177] [DEBUG] cheese - null
[2020-08-29T00:40:40.177] [DEBUG] cheese - null
[2020-08-29T00:42:03.336] [DEBUG] cheese - login => username:admin,password:123456
[2020-08-29T00:42:03.336] [DEBUG] cheese - admin
[2020-08-29T00:42:03.338] [DEBUG] cheese - null
[2020-08-29T00:42:03.338] [DEBUG] cheese - null
[2020-08-29T00:42:21.525] [DEBUG] cheese - login => username:admin,password:123456
[2020-08-29T00:42:21.525] [DEBUG] cheese - admin
[2020-08-29T00:42:21.526] [DEBUG] cheese - null
[2020-08-29T00:42:21.527] [DEBUG] cheese - null
[2020-08-29T00:44:24.154] [DEBUG] cheese - login => username:admin,password:123456
[2020-08-29T00:44:24.154] [DEBUG] cheese - admin
[2020-08-29T00:44:24.156] [DEBUG] cheese - null
[2020-08-29T00:44:24.156] [DEBUG] cheese - null
[2020-08-29T00:45:16.140] [DEBUG] cheese - login => username:12312,password:123123123
[2020-08-29T00:45:16.140] [DEBUG] cheese - 12312
[2020-08-29T00:45:16.141] [DEBUG] cheese - null
[2020-08-29T00:45:16.141] [DEBUG] cheese - null
[2020-08-29T00:45:36.764] [DEBUG] cheese - login => username:asdas,password:asdadasd
[2020-08-29T00:45:36.765] [DEBUG] cheese - asdas
[2020-08-29T00:45:36.766] [DEBUG] cheese - null
[2020-08-29T00:45:36.766] [DEBUG] cheese - null
[2020-08-29T00:45:41.384] [DEBUG] cheese - login => username:asdasd,password:asdasdasd
[2020-08-29T00:45:41.384] [DEBUG] cheese - asdasd
[2020-08-29T00:45:41.386] [DEBUG] cheese - null
[2020-08-29T00:45:41.386] [DEBUG] cheese - null
[2020-08-29T00:47:23.983] [DEBUG] cheese - login => username:admin,password:123456
[2020-08-29T00:47:23.983] [DEBUG] cheese - admin
[2020-08-29T00:47:23.985] [DEBUG] cheese - null
[2020-08-29T00:47:23.985] [DEBUG] cheese - null
[2020-08-29T12:30:20.421] [DEBUG] cheese - login => username:admin,password:123456
[2020-08-29T12:30:20.422] [DEBUG] cheese - admin
[2020-08-29T12:30:20.430] [DEBUG] cheese - null
[2020-08-29T12:30:20.431] [DEBUG] cheese - null
[2020-08-29T12:35:01.763] [DEBUG] cheese - login => username:admin,password:123456
[2020-08-29T12:35:01.763] [DEBUG] cheese - admin
[2020-08-29T12:35:01.765] [DEBUG] cheese - null
[2020-08-29T12:35:01.765] [DEBUG] cheese - null
[2020-08-29T12:38:13.682] [DEBUG] cheese - login => username:admin,password:123456
[2020-08-29T12:38:13.682] [DEBUG] cheese - admin
[2020-08-29T12:38:13.684] [DEBUG] cheese - null
[2020-08-29T12:38:13.684] [DEBUG] cheese - null
[2020-08-29T12:53:25.020] [DEBUG] cheese - login => username:admin,password:123456
[2020-08-29T12:53:25.020] [DEBUG] cheese - admin
[2020-08-29T12:53:25.022] [DEBUG] cheese - null
[2020-08-29T12:53:25.022] [DEBUG] cheese - null
[2020-08-29T12:59:01.310] [DEBUG] cheese - login => username:admin,password:123456
[2020-08-29T12:59:01.310] [DEBUG] cheese - admin
[2020-08-29T12:59:01.312] [DEBUG] cheese - null
[2020-08-29T12:59:01.312] [DEBUG] cheese - null
[2020-08-29T13:10:12.421] [DEBUG] cheese - login => username:admin,password:123456
[2020-08-29T13:10:12.421] [DEBUG] cheese - admin
[2020-08-29T13:10:12.423] [DEBUG] cheese - null
[2020-08-29T13:10:12.424] [DEBUG] cheese - null
[2020-08-29T13:24:23.945] [DEBUG] cheese - login => username:admin,password:123456
[2020-08-29T13:24:23.947] [DEBUG] cheese - admin
[2020-08-29T13:24:23.961] [DEBUG] cheese - null
[2020-08-29T13:24:23.962] [DEBUG] cheese - null
[2020-08-29T13:37:05.601] [DEBUG] cheese - login => username:admin,password:123456
[2020-08-29T13:37:05.601] [DEBUG] cheese - admin
[2020-08-29T13:37:05.603] [DEBUG] cheese - null
[2020-08-29T13:37:05.603] [DEBUG] cheese - null
[2020-08-29T14:52:40.455] [DEBUG] cheese - login => username:admin,password:123456
[2020-08-29T14:52:40.456] [DEBUG] cheese - admin
[2020-08-29T14:52:40.458] [DEBUG] cheese - null
[2020-08-29T14:52:40.458] [DEBUG] cheese - null
[2020-08-29T14:53:11.637] [DEBUG] cheese - login => username:admin,password:123456
[2020-08-29T14:53:11.637] [DEBUG] cheese - admin
[2020-08-29T14:53:11.639] [DEBUG] cheese - null
[2020-08-29T14:53:11.639] [DEBUG] cheese - null
[2020-08-29T14:55:10.946] [DEBUG] cheese - login => username:admin,password:123456
[2020-08-29T14:55:10.946] [DEBUG] cheese - admin
[2020-08-29T14:55:10.949] [DEBUG] cheese - null
[2020-08-29T14:55:10.949] [DEBUG] cheese - null
[2020-08-29T18:41:04.418] [DEBUG] cheese - login => username:admin,password:123456
[2020-08-29T18:41:04.419] [DEBUG] cheese - admin
[2020-08-29T18:41:04.427] [DEBUG] cheese - null
[2020-08-29T18:41:04.427] [DEBUG] cheese - null
[2020-08-29T18:43:00.406] [DEBUG] cheese - login => username:admin,password:123456
[2020-08-29T18:43:00.406] [DEBUG] cheese - admin
[2020-08-29T18:43:00.408] [DEBUG] cheese - null
[2020-08-29T18:43:00.408] [DEBUG] cheese - null
[2020-08-29T18:57:50.593] [DEBUG] cheese - login => username:admin,password:123456
[2020-08-29T18:57:50.593] [DEBUG] cheese - admin
[2020-08-29T18:57:50.595] [DEBUG] cheese - null
[2020-08-29T18:57:50.595] [DEBUG] cheese - null
[2020-08-29T19:07:47.690] [DEBUG] cheese - login => username:admin,password:123456
[2020-08-29T19:07:47.690] [DEBUG] cheese - admin
[2020-08-29T19:07:47.692] [DEBUG] cheese - null
[2020-08-29T19:07:47.692] [DEBUG] cheese - null
[2020-08-29T19:10:36.492] [DEBUG] cheese - login => username:admin,password:123456
[2020-08-29T19:10:36.492] [DEBUG] cheese - admin
[2020-08-29T19:10:36.493] [DEBUG] cheese - null
[2020-08-29T19:10:36.493] [DEBUG] cheese - null
[2020-08-29T19:14:22.655] [DEBUG] cheese - login => username:admin,password:123456
[2020-08-29T19:14:22.655] [DEBUG] cheese - admin
[2020-08-29T19:14:22.656] [DEBUG] cheese - null
[2020-08-29T19:14:22.656] [DEBUG] cheese - null
[2020-08-30T10:41:54.499] [DEBUG] cheese - login => username:admin,password:123456
[2020-08-30T10:41:54.501] [DEBUG] cheese - admin
[2020-08-30T10:41:54.510] [DEBUG] cheese - null
[2020-08-30T10:41:54.511] [DEBUG] cheese - null
[2020-08-30T12:47:30.874] [DEBUG] cheese - login => username:admin,password:123456
[2020-08-30T12:47:30.875] [DEBUG] cheese - admin
[2020-08-30T12:47:30.885] [DEBUG] cheese - null
[2020-08-30T12:47:30.885] [DEBUG] cheese - null
[2020-08-30T15:07:21.379] [DEBUG] cheese - login => username:admin,password:123456
[2020-08-30T15:07:21.380] [DEBUG] cheese - admin
[2020-08-30T15:07:21.388] [DEBUG] cheese - null
[2020-08-30T15:07:21.389] [DEBUG] cheese - null
[2020-08-30T20:34:46.574] [DEBUG] cheese - login => username:admin,password:123456
[2020-08-30T20:34:46.576] [DEBUG] cheese - admin
[2020-08-30T20:34:46.597] [DEBUG] cheese - null
[2020-08-30T20:34:46.598] [DEBUG] cheese - null
[2020-08-31T09:14:26.286] [DEBUG] cheese - login => username:admin,password:123456
[2020-08-31T09:14:26.287] [DEBUG] cheese - admin
[2020-08-31T09:14:26.300] [DEBUG] cheese - null
[2020-08-31T09:14:26.300] [DEBUG] cheese - null
[2020-08-31T15:08:29.178] [DEBUG] cheese - login => username:admin,password:123456
[2020-08-31T15:08:29.179] [DEBUG] cheese - admin
[2020-08-31T15:08:29.189] [DEBUG] cheese - null
[2020-08-31T15:08:29.189] [DEBUG] cheese - null
[2020-08-31T15:50:10.795] [DEBUG] cheese - login => username:admin,password:123456
[2020-08-31T15:50:10.795] [DEBUG] cheese - admin
[2020-08-31T15:50:10.799] [DEBUG] cheese - null
[2020-08-31T15:50:10.799] [DEBUG] cheese - null
[2020-08-31T18:57:14.984] [DEBUG] cheese - login => username:admin,password:123456
[2020-08-31T18:57:14.985] [DEBUG] cheese - admin
[2020-08-31T18:57:14.995] [DEBUG] cheese - null
[2020-08-31T18:57:14.996] [DEBUG] cheese - null
[2020-09-01T08:51:51.217] [DEBUG] cheese - login => username:admin,password:123456
[2020-09-01T08:51:51.221] [DEBUG] cheese - admin
[2020-09-01T08:51:51.262] [DEBUG] cheese - null
[2020-09-01T08:51:51.263] [DEBUG] cheese - null
[2020-09-01T09:41:12.915] [DEBUG] cheese - null
[2020-09-01T09:43:16.731] [DEBUG] cheese - null
[2020-09-01T09:45:17.857] [DEBUG] cheese - null
[2020-09-01T09:49:15.861] [DEBUG] cheese - null
[2020-09-01T09:55:01.462] [DEBUG] cheese - null
[2020-09-01T09:55:54.515] [DEBUG] cheese - null
[2020-09-01T09:59:20.705] [DEBUG] cheese - null
[2020-09-01T18:47:47.400] [DEBUG] cheese - login => username:admin,password:123456
[2020-09-01T18:47:47.402] [DEBUG] cheese - admin
[2020-09-01T18:47:47.419] [DEBUG] cheese - null
[2020-09-01T18:47:47.419] [DEBUG] cheese - null
[2020-09-02T12:33:53.463] [DEBUG] cheese - login => username:admin,password:123456
[2020-09-02T12:33:53.465] [DEBUG] cheese - admin
[2020-09-02T12:33:53.483] [DEBUG] cheese - null
[2020-09-02T12:33:53.483] [DEBUG] cheese - null
[2020-09-02T13:37:44.301] [DEBUG] cheese - login => username:admin,password:123456
[2020-09-02T13:37:44.303] [DEBUG] cheese - admin
[2020-09-02T13:37:44.308] [DEBUG] cheese - null
[2020-09-02T13:37:44.309] [DEBUG] cheese - null
[2020-09-02T17:49:45.829] [DEBUG] cheese - login => username:admin,password:123456
[2020-09-02T17:49:45.830] [DEBUG] cheese - admin
[2020-09-02T17:49:45.840] [DEBUG] cheese - null
[2020-09-02T17:49:45.840] [DEBUG] cheese - null
[2020-09-03T13:50:04.376] [DEBUG] cheese - login => username:admin,password:123456
[2020-09-03T13:50:04.378] [DEBUG] cheese - admin
[2020-09-03T13:50:04.404] [DEBUG] cheese - null
[2020-09-03T13:50:04.404] [DEBUG] cheese - null
[2020-09-03T14:57:17.789] [DEBUG] cheese - login => username:admin,password:123456
[2020-09-03T14:57:17.790] [DEBUG] cheese - admin
[2020-09-03T14:57:17.794] [DEBUG] cheese - null
[2020-09-03T14:57:17.795] [DEBUG] cheese - null
[2020-09-03T19:48:36.890] [DEBUG] cheese - login => username:admin,password:123456
[2020-09-03T19:48:36.892] [DEBUG] cheese - admin
[2020-09-03T19:48:36.902] [DEBUG] cheese - null
[2020-09-03T19:48:36.903] [DEBUG] cheese - null
[2020-09-03T21:18:55.677] [DEBUG] cheese - login => username:admin,password:123456
[2020-09-03T21:18:55.678] [DEBUG] cheese - admin
[2020-09-03T21:18:55.683] [DEBUG] cheese - null
[2020-09-03T21:18:55.683] [DEBUG] cheese - null
[2020-09-03T23:53:19.343] [DEBUG] cheese - login => username:admin,password:123456
[2020-09-03T23:53:19.344] [DEBUG] cheese - admin
[2020-09-03T23:53:19.354] [DEBUG] cheese - null
[2020-09-03T23:53:19.355] [DEBUG] cheese - null
[2020-09-04T13:23:37.434] [DEBUG] cheese - login => username:admin,password:123456
[2020-09-04T13:23:37.436] [DEBUG] cheese - admin
[2020-09-04T13:23:37.451] [DEBUG] cheese - null
[2020-09-04T13:23:37.452] [DEBUG] cheese - null
[2020-09-04T17:11:45.281] [DEBUG] cheese - login => username:admin,password:123456
[2020-09-04T17:11:45.283] [DEBUG] cheese - admin
[2020-09-04T17:11:45.315] [DEBUG] cheese - null
[2020-09-04T17:11:45.315] [DEBUG] cheese - null
[2020-09-04T17:37:39.967] [DEBUG] cheese - login => username:admin,password:123456
[2020-09-04T17:37:39.967] [DEBUG] cheese - admin
[2020-09-04T17:37:39.969] [DEBUG] cheese - null
[2020-09-04T17:37:39.969] [DEBUG] cheese - null
[2020-09-04T17:52:23.267] [DEBUG] cheese - login => username:admin,password:123456
[2020-09-04T17:52:23.267] [DEBUG] cheese - admin
[2020-09-04T17:52:23.269] [DEBUG] cheese - null
[2020-09-04T17:52:23.269] [DEBUG] cheese - null
[2020-09-05T12:32:38.079] [DEBUG] cheese - login => username:admin,password:123456
[2020-09-05T12:32:38.080] [DEBUG] cheese - admin
[2020-09-05T12:32:38.090] [DEBUG] cheese - null
[2020-09-05T12:32:38.091] [DEBUG] cheese - null
[2020-09-05T18:18:48.603] [DEBUG] cheese - login => username:admin,password:123456
[2020-09-05T18:18:48.604] [DEBUG] cheese - admin
[2020-09-05T18:18:48.620] [DEBUG] cheese - null
[2020-09-05T18:18:48.621] [DEBUG] cheese - null
[2020-09-05T19:56:27.740] [DEBUG] cheese - login => username:admin,password:123456
[2020-09-05T19:56:27.740] [DEBUG] cheese - admin
[2020-09-05T19:56:27.743] [DEBUG] cheese - null
[2020-09-05T19:56:27.743] [DEBUG] cheese - null
[2020-09-06T12:19:19.224] [DEBUG] cheese - login => username:admin,password:123456
[2020-09-06T12:19:19.225] [DEBUG] cheese - admin
[2020-09-06T12:19:19.235] [DEBUG] cheese - null
[2020-09-06T12:19:19.236] [DEBUG] cheese - null
[2020-09-06T18:52:12.117] [DEBUG] cheese - login => username:admin,password:123456
[2020-09-06T18:52:12.118] [DEBUG] cheese - admin
[2020-09-06T18:52:12.127] [DEBUG] cheese - null
[2020-09-06T18:52:12.127] [DEBUG] cheese - null
[2020-09-06T20:50:22.394] [DEBUG] cheese - null
[2020-09-08T09:35:32.974] [DEBUG] cheese - login => username:admin,password:123456
[2020-09-08T09:35:32.975] [DEBUG] cheese - admin
[2020-09-08T09:35:32.985] [DEBUG] cheese - null
[2020-09-08T09:35:32.986] [DEBUG] cheese - null
[2020-09-08T12:39:01.701] [DEBUG] cheese - login => username:admin,password:123456
[2020-09-08T12:39:01.702] [DEBUG] cheese - admin
[2020-09-08T12:39:01.712] [DEBUG] cheese - null
[2020-09-08T12:39:01.712] [DEBUG] cheese - null
[2020-09-09T14:13:08.265] [DEBUG] cheese - login => username:admin,password:123456
[2020-09-09T14:13:08.266] [DEBUG] cheese - admin
[2020-09-09T14:13:08.277] [DEBUG] cheese - null
[2020-09-09T14:13:08.278] [DEBUG] cheese - null
[2020-09-09T14:46:55.017] [DEBUG] cheese - login => username:admin,password:123456
[2020-09-09T14:46:55.017] [DEBUG] cheese - admin
[2020-09-09T14:46:55.020] [DEBUG] cheese - null
[2020-09-09T14:46:55.020] [DEBUG] cheese - null
[2020-09-09T19:05:45.655] [DEBUG] cheese - login => username:admin,password:123456
[2020-09-09T19:05:45.658] [DEBUG] cheese - admin
[2020-09-09T19:05:45.675] [DEBUG] cheese - null
[2020-09-09T19:05:45.676] [DEBUG] cheese - null
[2020-09-10T10:18:12.185] [DEBUG] cheese - login => username:admin,password:123456
[2020-09-10T10:18:12.187] [DEBUG] cheese - admin
[2020-09-10T10:18:12.201] [DEBUG] cheese - null
[2020-09-10T10:18:12.201] [DEBUG] cheese - null
[2020-09-10T10:22:44.616] [DEBUG] cheese - login => username:admin,password:123456
[2020-09-10T10:22:44.617] [DEBUG] cheese - admin
[2020-09-10T10:22:44.627] [DEBUG] cheese - null
[2020-09-10T10:22:44.627] [DEBUG] cheese - null
[2020-09-10T10:24:19.311] [DEBUG] cheese - login => username:admin,password:123456
[2020-09-10T10:24:19.313] [DEBUG] cheese - admin
[2020-09-10T10:24:19.318] [DEBUG] cheese - null
[2020-09-10T10:24:19.319] [DEBUG] cheese - null
[2020-09-10T10:26:04.642] [DEBUG] cheese - login => username:admin,password:123456
[2020-09-10T10:26:04.642] [DEBUG] cheese - admin
[2020-09-10T10:26:04.644] [DEBUG] cheese - null
[2020-09-10T10:26:04.644] [DEBUG] cheese - null
[2020-09-10T10:32:58.185] [DEBUG] cheese - login => username:admin,password:123456
[2020-09-10T10:32:58.185] [DEBUG] cheese - admin
[2020-09-10T10:32:58.186] [DEBUG] cheese - null
[2020-09-10T10:32:58.186] [DEBUG] cheese - null
[2020-09-10T10:42:24.900] [DEBUG] cheese - login => username:admin,password:123456
[2020-09-10T10:42:24.901] [DEBUG] cheese - admin
[2020-09-10T10:42:24.904] [DEBUG] cheese - null
[2020-09-10T10:42:24.904] [DEBUG] cheese - null
[2020-09-10T10:45:56.281] [DEBUG] cheese - login => username:admin,password:123456
[2020-09-10T10:45:56.281] [DEBUG] cheese - admin
[2020-09-10T10:45:56.284] [DEBUG] cheese - null
[2020-09-10T10:45:56.284] [DEBUG] cheese - null
[2020-09-10T10:46:34.279] [DEBUG] cheese - login => username:admin,password:123456
[2020-09-10T10:46:34.279] [DEBUG] cheese - admin
[2020-09-10T10:46:34.282] [DEBUG] cheese - null
[2020-09-10T10:46:34.282] [DEBUG] cheese - null
[2020-09-10T10:48:19.338] [DEBUG] cheese - login => username:admin,password:123456
[2020-09-10T10:48:19.338] [DEBUG] cheese - admin
[2020-09-10T10:48:19.340] [DEBUG] cheese - null
[2020-09-10T10:48:19.340] [DEBUG] cheese - null
[2020-09-10T10:50:41.442] [DEBUG] cheese - login => username:admin,password:123456
[2020-09-10T10:50:41.443] [DEBUG] cheese - admin
[2020-09-10T10:50:41.447] [DEBUG] cheese - null
[2020-09-10T10:50:41.448] [DEBUG] cheese - null
[2020-09-10T10:56:02.130] [DEBUG] cheese - login => username:admin,password:123456
[2020-09-10T10:56:02.131] [DEBUG] cheese - admin
[2020-09-10T10:56:02.133] [DEBUG] cheese - null
[2020-09-10T10:56:02.133] [DEBUG] cheese - null
[2020-09-10T10:58:14.318] [DEBUG] cheese - login => username:admin,password:123456
[2020-09-10T10:58:14.319] [DEBUG] cheese - admin
[2020-09-10T10:58:14.322] [DEBUG] cheese - null
[2020-09-10T10:58:14.322] [DEBUG] cheese - null
[2020-09-13T11:47:07.286] [DEBUG] cheese - login => username:admin,password:123456
[2020-09-13T11:47:07.288] [DEBUG] cheese - admin
[2020-09-13T11:47:07.307] [DEBUG] cheese - null
[2020-09-13T11:47:07.307] [DEBUG] cheese - null
[2020-10-27T00:17:39.947] [DEBUG] cheese - login => username:admin,password:123456
[2020-10-27T00:17:39.948] [DEBUG] cheese - admin
[2020-10-27T00:17:39.988] [DEBUG] cheese - null
[2020-10-27T00:17:39.989] [DEBUG] cheese - null
[2020-10-27T00:18:33.165] [DEBUG] cheese - login => username:admin,password:123456
[2020-10-27T00:18:33.165] [DEBUG] cheese - admin
[2020-10-27T00:18:33.170] [DEBUG] cheese - null
[2020-10-27T00:18:33.170] [DEBUG] cheese - null
[2020-10-27T00:45:15.822] [DEBUG] cheese - login => username:admin,password:123456
[2020-10-27T00:45:15.823] [DEBUG] cheese - admin
[2020-10-27T00:45:15.833] [DEBUG] cheese - null
[2020-10-27T00:45:15.834] [DEBUG] cheese - null
[2021-01-06T23:02:58.532] [DEBUG] cheese - login => username:admin,password:123456
[2021-01-06T23:02:58.534] [DEBUG] cheese - admin
[2021-01-06T23:02:58.556] [DEBUG] cheese - null
[2021-01-06T23:02:58.556] [DEBUG] cheese - null
[2021-01-29T17:25:01.283] [DEBUG] cheese - login => username:admin,password:123456
[2021-01-29T17:25:01.285] [DEBUG] cheese - admin
[2021-01-29T17:25:01.311] [DEBUG] cheese - null
[2021-01-29T17:25:01.312] [DEBUG] cheese - null
[2021-02-20T18:15:01.721] [DEBUG] cheese - login => username:admin,password:123456
[2021-02-20T18:15:01.723] [DEBUG] cheese - admin
[2021-02-20T18:15:01.743] [DEBUG] cheese - null
[2021-02-20T18:15:01.743] [DEBUG] cheese - null
[2021-02-20T19:11:07.251] [DEBUG] cheese - login => username:admin,password:123456
[2021-02-20T19:11:07.252] [DEBUG] cheese - admin
[2021-02-20T19:11:07.261] [DEBUG] cheese - null
[2021-02-20T19:11:07.261] [DEBUG] cheese - null
